# JRE version: Java(TM) SE Runtime Environment (8.0_301-b09) (build 1.8.0_301-b09)
# Java VM: Java HotSpot(TM) 64-Bit Server VM (25.301-b09 mixed mode bsd-amd64 compressed oops)
Heap:
 PSYoungGen      total 141824K, used 25906K [0x000000076ab00000, 0x0000000774000000, 0x00000007c0000000)
  eden space 131072K, 11% used [0x000000076ab00000,0x000000076b9d2ad8,0x0000000772b00000)
  from space 10752K, 99% used [0x0000000773580000,0x0000000773ffa020,0x0000000774000000)
  to   space 10752K, 0% used [0x0000000772b00000,0x0000000772b00000,0x0000000773580000)
 ParOldGen       total 175104K, used 20442K [0x00000006c0000000, 0x00000006cab00000, 0x000000076ab00000)
  object space 175104K, 11% used [0x00000006c0000000,0x00000006c13f69a0,0x00000006cab00000)
 Metaspace       used 12510K, capacity 12832K, committed 13056K, reserved 1060864K
  class space    used 1375K, capacity 1468K, committed 1536K, reserved 1048576K
GC Heap History (8 events):
Event: 1.286 GC heap before
{Heap before GC invocations=1 (full 0):
 PSYoungGen      total 76288K, used 64797K [0x000000076ab00000, 0x0000000770000000, 0x00000007c0000000)
  eden space 65536K, 98% used [0x000000076ab00000,0x000000076ea475e0,0x000000076eb00000)
  from space 10752K, 0% used [0x000000076f580000,0x000000076f580000,0x0000000770000000)
  to   space 10752K, 0% used [0x000000076eb00000,0x000000076eb00000,0x000000076f580000)
 ParOldGen       total 175104K, used 0K [0x00000006c0000000, 0x00000006cab00000, 0x000000076ab00000)
  object space 175104K, 0% used [0x00000006c0000000,0x00000006c0000000,0x00000006cab00000)
 Metaspace       used 11247K, capacity 11530K, committed 11648K, reserved 1058816K
  class space    used 1310K, capacity 1403K, committed 1408K, reserved 1048576K
Event: 1.299 GC heap after
Heap after GC invocations=1 (full 0):
 PSYoungGen      total 76288K, used 10744K [0x000000076ab00000, 0x0000000770000000, 0x00000007c0000000)
  eden space 65536K, 0% used [0x000000076ab00000,0x000000076ab00000,0x000000076eb00000)
  from space 10752K, 99% used [0x000000076eb00000,0x000000076f57e118,0x000000076f580000)
  to   space 10752K, 0% used [0x000000076f580000,0x000000076f580000,0x0000000770000000)
 ParOldGen       total 175104K, used 255K [0x00000006c0000000, 0x00000006cab00000, 0x000000076ab00000)
  object space 175104K, 0% used [0x00000006c0000000,0x00000006c003fda8,0x00000006cab00000)
 Metaspace       used 11247K, capacity 11530K, committed 11648K, reserved 1058816K
  class space    used 1310K, capacity 1403K, committed 1408K, reserved 1048576K
}
Event: 1.413 GC heap before
{Heap before GC invocations=2 (full 0):
 PSYoungGen      total 76288K, used 76280K [0x000000076ab00000, 0x0000000770000000, 0x00000007c0000000)
  eden space 65536K, 100% used [0x000000076ab00000,0x000000076eb00000,0x000000076eb00000)
  from space 10752K, 99% used [0x000000076eb00000,0x000000076f57e118,0x000000076f580000)
  to   space 10752K, 0% used [0x000000076f580000,0x000000076f580000,0x0000000770000000)
 ParOldGen       total 175104K, used 255K [0x00000006c0000000, 0x00000006cab00000, 0x000000076ab00000)
  object space 175104K, 0% used [0x00000006c0000000,0x00000006c003fda8,0x00000006cab00000)
 Metaspace       used 11263K, capacity 11530K, committed 11648K, reserved 1058816K
  class space    used 1310K, capacity 1403K, committed 1408K, reserved 1048576K
Event: 1.421 GC heap after
Heap after GC invocations=2 (full 0):
 PSYoungGen      total 76288K, used 9793K [0x000000076ab00000, 0x0000000774000000, 0x00000007c0000000)
  eden space 65536K, 0% used [0x000000076ab00000,0x000000076ab00000,0x000000076eb00000)
  from space 10752K, 91% used [0x000000076f580000,0x000000076ff106e8,0x0000000770000000)
  to   space 10752K, 0% used [0x000000076eb00000,0x000000076eb00000,0x000000076f580000)
 ParOldGen       total 175104K, used 2311K [0x00000006c0000000, 0x00000006cab00000, 0x000000076ab00000)
  object space 175104K, 1% used [0x00000006c0000000,0x00000006c0241dc8,0x00000006cab00000)
 Metaspace       used 11263K, capacity 11530K, committed 11648K, reserved 1058816K
  class space    used 1310K, capacity 1403K, committed 1408K, reserved 1048576K
}
Event: 1.529 GC heap before
{Heap before GC invocations=3 (full 0):
 PSYoungGen      total 76288K, used 74389K [0x000000076ab00000, 0x0000000774000000, 0x00000007c0000000)
  eden space 65536K, 98% used [0x000000076ab00000,0x000000076ea14f08,0x000000076eb00000)
  from space 10752K, 91% used [0x000000076f580000,0x000000076ff106e8,0x0000000770000000)
  to   space 10752K, 0% used [0x000000076eb00000,0x000000076eb00000,0x000000076f580000)
 ParOldGen       total 175104K, used 2311K [0x00000006c0000000, 0x00000006cab00000, 0x000000076ab00000)
  object space 175104K, 1% used [0x00000006c0000000,0x00000006c0241dc8,0x00000006cab00000)
 Metaspace       used 11279K, capacity 11594K, committed 11648K, reserved 1058816K
  class space    used 1310K, capacity 1403K, committed 1408K, reserved 1048576K
Event: 1.533 GC heap after
Heap after GC invocations=3 (full 0):
 PSYoungGen      total 76288K, used 10071K [0x000000076ab00000, 0x0000000774000000, 0x00000007c0000000)
  eden space 65536K, 0% used [0x000000076ab00000,0x000000076ab00000,0x000000076eb00000)
  from space 10752K, 93% used [0x000000076eb00000,0x000000076f4d5d50,0x000000076f580000)
  to   space 10752K, 0% used [0x0000000773580000,0x0000000773580000,0x0000000774000000)
 ParOldGen       total 175104K, used 5391K [0x00000006c0000000, 0x00000006cab00000, 0x000000076ab00000)
  object space 175104K, 3% used [0x00000006c0000000,0x00000006c0543df8,0x00000006cab00000)
 Metaspace       used 11279K, capacity 11594K, committed 11648K, reserved 1058816K
  class space    used 1310K, capacity 1403K, committed 1408K, reserved 1048576K
}
Event: 10.512 GC heap before
{Heap before GC invocations=4 (full 0):
 PSYoungGen      total 76288K, used 75607K [0x000000076ab00000, 0x0000000774000000, 0x00000007c0000000)
  eden space 65536K, 100% used [0x000000076ab00000,0x000000076eb00000,0x000000076eb00000)
  from space 10752K, 93% used [0x000000076eb00000,0x000000076f4d5d50,0x000000076f580000)
  to   space 10752K, 0% used [0x0000000773580000,0x0000000773580000,0x0000000774000000)
 ParOldGen       total 175104K, used 5391K [0x00000006c0000000, 0x00000006cab00000, 0x000000076ab00000)
  object space 175104K, 3% used [0x00000006c0000000,0x00000006c0543df8,0x00000006cab00000)
 Metaspace       used 12492K, capacity 12768K, committed 13056K, reserved 1060864K
  class space    used 1373K, capacity 1468K, committed 1536K, reserved 1048576K
Event: 10.530 GC heap after
Heap after GC invocations=4 (full 0):
 PSYoungGen      total 141824K, used 10728K [0x000000076ab00000, 0x0000000774000000, 0x00000007c0000000)
  eden space 131072K, 0% used [0x000000076ab00000,0x000000076ab00000,0x0000000772b00000)
  from space 10752K, 99% used [0x0000000773580000,0x0000000773ffa020,0x0000000774000000)
  to   space 10752K, 0% used [0x0000000772b00000,0x0000000772b00000,0x0000000773580000)
 ParOldGen       total 175104K, used 20442K [0x00000006c0000000, 0x00000006cab00000, 0x000000076ab00000)
  object space 175104K, 11% used [0x00000006c0000000,0x00000006c13f69a0,0x00000006cab00000)
 Metaspace       used 12492K, capacity 12768K, committed 13056K, reserved 1060864K
  class space    used 1373K, capacity 1468K, committed 1536K, reserved 1048576K
}

